d:\mystuff\university\1st semester\t1\assignments\final-project-mykyta.pasternatskyi\development\game_omniroid\x64\debug\vc143.pdb
d:\mystuff\university\1st semester\t1\assignments\final-project-mykyta.pasternatskyi\development\game_omniroid\x64\debug\vc143.idb
d:\mystuff\university\1st semester\t1\assignments\final-project-mykyta.pasternatskyi\development\game_omniroid\x64\debug\game_omniroid.nativecodeanalysis.sarif
d:\mystuff\university\1st semester\t1\assignments\final-project-mykyta.pasternatskyi\development\game_omniroid\x64\debug\game_omniroid.nativecodeanalysis.xml
d:\mystuff\university\1st semester\t1\assignments\final-project-mykyta.pasternatskyi\development\game_omniroid\x64\debug\assetmanager.nativecodeanalysis.sarif
d:\mystuff\university\1st semester\t1\assignments\final-project-mykyta.pasternatskyi\development\game_omniroid\x64\debug\assetmanager.nativecodeanalysis.xml
d:\mystuff\university\1st semester\t1\assignments\final-project-mykyta.pasternatskyi\development\game_omniroid\x64\debug\audio.nativecodeanalysis.sarif
d:\mystuff\university\1st semester\t1\assignments\final-project-mykyta.pasternatskyi\development\game_omniroid\x64\debug\audio.nativecodeanalysis.xml
d:\mystuff\university\1st semester\t1\assignments\final-project-mykyta.pasternatskyi\development\game_omniroid\x64\debug\reverbsphere.nativecodeanalysis.sarif
d:\mystuff\university\1st semester\t1\assignments\final-project-mykyta.pasternatskyi\development\game_omniroid\x64\debug\reverbsphere.nativecodeanalysis.xml
d:\mystuff\university\1st semester\t1\assignments\final-project-mykyta.pasternatskyi\development\game_omniroid\x64\debug\soundeffect.nativecodeanalysis.sarif
d:\mystuff\university\1st semester\t1\assignments\final-project-mykyta.pasternatskyi\development\game_omniroid\x64\debug\soundeffect.nativecodeanalysis.xml
d:\mystuff\university\1st semester\t1\assignments\final-project-mykyta.pasternatskyi\development\game_omniroid\x64\debug\actor.nativecodeanalysis.sarif
d:\mystuff\university\1st semester\t1\assignments\final-project-mykyta.pasternatskyi\development\game_omniroid\x64\debug\actor.nativecodeanalysis.xml
d:\mystuff\university\1st semester\t1\assignments\final-project-mykyta.pasternatskyi\development\game_omniroid\x64\debug\gameworld.nativecodeanalysis.sarif
d:\mystuff\university\1st semester\t1\assignments\final-project-mykyta.pasternatskyi\development\game_omniroid\x64\debug\gameworld.nativecodeanalysis.xml
d:\mystuff\university\1st semester\t1\assignments\final-project-mykyta.pasternatskyi\development\game_omniroid\x64\debug\mainmenu.nativecodeanalysis.sarif
d:\mystuff\university\1st semester\t1\assignments\final-project-mykyta.pasternatskyi\development\game_omniroid\x64\debug\mainmenu.nativecodeanalysis.xml
d:\mystuff\university\1st semester\t1\assignments\final-project-mykyta.pasternatskyi\development\game_omniroid\x64\debug\player.nativecodeanalysis.sarif
d:\mystuff\university\1st semester\t1\assignments\final-project-mykyta.pasternatskyi\development\game_omniroid\x64\debug\player.nativecodeanalysis.xml
d:\mystuff\university\1st semester\t1\assignments\final-project-mykyta.pasternatskyi\development\game_omniroid\x64\debug\input.nativecodeanalysis.sarif
d:\mystuff\university\1st semester\t1\assignments\final-project-mykyta.pasternatskyi\development\game_omniroid\x64\debug\input.nativecodeanalysis.xml
d:\mystuff\university\1st semester\t1\assignments\final-project-mykyta.pasternatskyi\development\game_omniroid\x64\debug\camera.nativecodeanalysis.sarif
d:\mystuff\university\1st semester\t1\assignments\final-project-mykyta.pasternatskyi\development\game_omniroid\x64\debug\camera.nativecodeanalysis.xml
d:\mystuff\university\1st semester\t1\assignments\final-project-mykyta.pasternatskyi\development\game_omniroid\x64\debug\forwardrendererbuffer.nativecodeanalysis.sarif
d:\mystuff\university\1st semester\t1\assignments\final-project-mykyta.pasternatskyi\development\game_omniroid\x64\debug\forwardrendererbuffer.nativecodeanalysis.xml
d:\mystuff\university\1st semester\t1\assignments\final-project-mykyta.pasternatskyi\development\game_omniroid\x64\debug\framebuffer.nativecodeanalysis.sarif
d:\mystuff\university\1st semester\t1\assignments\final-project-mykyta.pasternatskyi\development\game_omniroid\x64\debug\framebuffer.nativecodeanalysis.xml
d:\mystuff\university\1st semester\t1\assignments\final-project-mykyta.pasternatskyi\development\game_omniroid\x64\debug\gbuffer.nativecodeanalysis.sarif
d:\mystuff\university\1st semester\t1\assignments\final-project-mykyta.pasternatskyi\development\game_omniroid\x64\debug\gbuffer.nativecodeanalysis.xml
d:\mystuff\university\1st semester\t1\assignments\final-project-mykyta.pasternatskyi\development\game_omniroid\x64\debug\indexbuffer.nativecodeanalysis.sarif
d:\mystuff\university\1st semester\t1\assignments\final-project-mykyta.pasternatskyi\development\game_omniroid\x64\debug\indexbuffer.nativecodeanalysis.xml
d:\mystuff\university\1st semester\t1\assignments\final-project-mykyta.pasternatskyi\development\game_omniroid\x64\debug\postprocessing.nativecodeanalysis.sarif
d:\mystuff\university\1st semester\t1\assignments\final-project-mykyta.pasternatskyi\development\game_omniroid\x64\debug\postprocessing.nativecodeanalysis.xml
d:\mystuff\university\1st semester\t1\assignments\final-project-mykyta.pasternatskyi\development\game_omniroid\x64\debug\postprocessingeffect.nativecodeanalysis.sarif
d:\mystuff\university\1st semester\t1\assignments\final-project-mykyta.pasternatskyi\development\game_omniroid\x64\debug\postprocessingeffect.nativecodeanalysis.xml
d:\mystuff\university\1st semester\t1\assignments\final-project-mykyta.pasternatskyi\development\game_omniroid\x64\debug\renderer.nativecodeanalysis.sarif
d:\mystuff\university\1st semester\t1\assignments\final-project-mykyta.pasternatskyi\development\game_omniroid\x64\debug\renderer.nativecodeanalysis.xml
d:\mystuff\university\1st semester\t1\assignments\final-project-mykyta.pasternatskyi\development\game_omniroid\x64\debug\shader.nativecodeanalysis.sarif
d:\mystuff\university\1st semester\t1\assignments\final-project-mykyta.pasternatskyi\development\game_omniroid\x64\debug\shader.nativecodeanalysis.xml
d:\mystuff\university\1st semester\t1\assignments\final-project-mykyta.pasternatskyi\development\game_omniroid\x64\debug\game.nativecodeanalysis.sarif
d:\mystuff\university\1st semester\t1\assignments\final-project-mykyta.pasternatskyi\development\game_omniroid\x64\debug\game.nativecodeanalysis.xml
d:\mystuff\university\1st semester\t1\assignments\final-project-mykyta.pasternatskyi\development\game_omniroid\x64\debug\game.obj
d:\mystuff\university\1st semester\t1\assignments\final-project-mykyta.pasternatskyi\development\game_omniroid\x64\debug\shader.obj
d:\mystuff\university\1st semester\t1\assignments\final-project-mykyta.pasternatskyi\development\game_omniroid\x64\debug\renderer.obj
d:\mystuff\university\1st semester\t1\assignments\final-project-mykyta.pasternatskyi\development\game_omniroid\x64\debug\postprocessingeffect.obj
d:\mystuff\university\1st semester\t1\assignments\final-project-mykyta.pasternatskyi\development\game_omniroid\x64\debug\postprocessing.obj
d:\mystuff\university\1st semester\t1\assignments\final-project-mykyta.pasternatskyi\development\game_omniroid\x64\debug\indexbuffer.obj
d:\mystuff\university\1st semester\t1\assignments\final-project-mykyta.pasternatskyi\development\game_omniroid\x64\debug\gbuffer.obj
d:\mystuff\university\1st semester\t1\assignments\final-project-mykyta.pasternatskyi\development\game_omniroid\x64\debug\framebuffer.obj
d:\mystuff\university\1st semester\t1\assignments\final-project-mykyta.pasternatskyi\development\game_omniroid\x64\debug\forwardrendererbuffer.obj
d:\mystuff\university\1st semester\t1\assignments\final-project-mykyta.pasternatskyi\development\game_omniroid\x64\debug\camera.obj
d:\mystuff\university\1st semester\t1\assignments\final-project-mykyta.pasternatskyi\development\game_omniroid\x64\debug\input.obj
d:\mystuff\university\1st semester\t1\assignments\final-project-mykyta.pasternatskyi\development\game_omniroid\x64\debug\player.obj
d:\mystuff\university\1st semester\t1\assignments\final-project-mykyta.pasternatskyi\development\game_omniroid\x64\debug\mainmenu.obj
d:\mystuff\university\1st semester\t1\assignments\final-project-mykyta.pasternatskyi\development\game_omniroid\x64\debug\gameworld.obj
d:\mystuff\university\1st semester\t1\assignments\final-project-mykyta.pasternatskyi\development\game_omniroid\x64\debug\actor.obj
d:\mystuff\university\1st semester\t1\assignments\final-project-mykyta.pasternatskyi\development\game_omniroid\x64\debug\soundeffect.obj
d:\mystuff\university\1st semester\t1\assignments\final-project-mykyta.pasternatskyi\development\game_omniroid\x64\debug\reverbsphere.obj
d:\mystuff\university\1st semester\t1\assignments\final-project-mykyta.pasternatskyi\development\game_omniroid\x64\debug\audio.obj
d:\mystuff\university\1st semester\t1\assignments\final-project-mykyta.pasternatskyi\development\game_omniroid\x64\debug\assetmanager.obj
d:\mystuff\university\1st semester\t1\assignments\final-project-mykyta.pasternatskyi\development\game_omniroid\x64\debug\game_omniroid.obj
d:\mystuff\university\1st semester\t1\assignments\final-project-mykyta.pasternatskyi\development\game_omniroid\x64\debug\spritebatchmanager.nativecodeanalysis.sarif
d:\mystuff\university\1st semester\t1\assignments\final-project-mykyta.pasternatskyi\development\game_omniroid\x64\debug\spritebatchmanager.nativecodeanalysis.xml
d:\mystuff\university\1st semester\t1\assignments\final-project-mykyta.pasternatskyi\development\game_omniroid\x64\debug\spriterenderer.nativecodeanalysis.sarif
d:\mystuff\university\1st semester\t1\assignments\final-project-mykyta.pasternatskyi\development\game_omniroid\x64\debug\spriterenderer.nativecodeanalysis.xml
d:\mystuff\university\1st semester\t1\assignments\final-project-mykyta.pasternatskyi\development\game_omniroid\x64\debug\texture.nativecodeanalysis.sarif
d:\mystuff\university\1st semester\t1\assignments\final-project-mykyta.pasternatskyi\development\game_omniroid\x64\debug\texture.nativecodeanalysis.xml
d:\mystuff\university\1st semester\t1\assignments\final-project-mykyta.pasternatskyi\development\game_omniroid\x64\debug\vertexarray.nativecodeanalysis.sarif
d:\mystuff\university\1st semester\t1\assignments\final-project-mykyta.pasternatskyi\development\game_omniroid\x64\debug\vertexarray.nativecodeanalysis.xml
d:\mystuff\university\1st semester\t1\assignments\final-project-mykyta.pasternatskyi\development\game_omniroid\x64\debug\vertexbuffer.nativecodeanalysis.sarif
d:\mystuff\university\1st semester\t1\assignments\final-project-mykyta.pasternatskyi\development\game_omniroid\x64\debug\vertexbuffer.nativecodeanalysis.xml
d:\mystuff\university\1st semester\t1\assignments\final-project-mykyta.pasternatskyi\development\game_omniroid\x64\debug\time.nativecodeanalysis.sarif
d:\mystuff\university\1st semester\t1\assignments\final-project-mykyta.pasternatskyi\development\game_omniroid\x64\debug\time.nativecodeanalysis.xml
d:\mystuff\university\1st semester\t1\assignments\final-project-mykyta.pasternatskyi\development\game_omniroid\x64\debug\imgui.nativecodeanalysis.sarif
d:\mystuff\university\1st semester\t1\assignments\final-project-mykyta.pasternatskyi\development\game_omniroid\x64\debug\imgui.nativecodeanalysis.xml
d:\mystuff\university\1st semester\t1\assignments\final-project-mykyta.pasternatskyi\development\game_omniroid\x64\debug\imgui_demo.nativecodeanalysis.sarif
d:\mystuff\university\1st semester\t1\assignments\final-project-mykyta.pasternatskyi\development\game_omniroid\x64\debug\imgui_demo.nativecodeanalysis.xml
d:\mystuff\university\1st semester\t1\assignments\final-project-mykyta.pasternatskyi\development\game_omniroid\x64\debug\imgui_draw.nativecodeanalysis.sarif
d:\mystuff\university\1st semester\t1\assignments\final-project-mykyta.pasternatskyi\development\game_omniroid\x64\debug\imgui_draw.nativecodeanalysis.xml
d:\mystuff\university\1st semester\t1\assignments\final-project-mykyta.pasternatskyi\development\game_omniroid\x64\debug\imgui_impl_glfw.nativecodeanalysis.sarif
d:\mystuff\university\1st semester\t1\assignments\final-project-mykyta.pasternatskyi\development\game_omniroid\x64\debug\imgui_impl_glfw.nativecodeanalysis.xml
d:\mystuff\university\1st semester\t1\assignments\final-project-mykyta.pasternatskyi\development\game_omniroid\x64\debug\imgui_impl_opengl3.nativecodeanalysis.sarif
d:\mystuff\university\1st semester\t1\assignments\final-project-mykyta.pasternatskyi\development\game_omniroid\x64\debug\imgui_impl_opengl3.nativecodeanalysis.xml
d:\mystuff\university\1st semester\t1\assignments\final-project-mykyta.pasternatskyi\development\game_omniroid\x64\debug\imgui_tables.nativecodeanalysis.sarif
d:\mystuff\university\1st semester\t1\assignments\final-project-mykyta.pasternatskyi\development\game_omniroid\x64\debug\imgui_tables.nativecodeanalysis.xml
d:\mystuff\university\1st semester\t1\assignments\final-project-mykyta.pasternatskyi\development\game_omniroid\x64\debug\imgui_widgets.nativecodeanalysis.sarif
d:\mystuff\university\1st semester\t1\assignments\final-project-mykyta.pasternatskyi\development\game_omniroid\x64\debug\imgui_widgets.nativecodeanalysis.xml
d:\mystuff\university\1st semester\t1\assignments\final-project-mykyta.pasternatskyi\development\game_omniroid\x64\debug\stb_image.nativecodeanalysis.sarif
d:\mystuff\university\1st semester\t1\assignments\final-project-mykyta.pasternatskyi\development\game_omniroid\x64\debug\stb_image.nativecodeanalysis.xml
d:\mystuff\university\1st semester\t1\assignments\final-project-mykyta.pasternatskyi\development\game_omniroid\x64\debug\stb_image.obj
d:\mystuff\university\1st semester\t1\assignments\final-project-mykyta.pasternatskyi\development\game_omniroid\x64\debug\imgui_widgets.obj
d:\mystuff\university\1st semester\t1\assignments\final-project-mykyta.pasternatskyi\development\game_omniroid\x64\debug\imgui_tables.obj
d:\mystuff\university\1st semester\t1\assignments\final-project-mykyta.pasternatskyi\development\game_omniroid\x64\debug\imgui_impl_opengl3.obj
d:\mystuff\university\1st semester\t1\assignments\final-project-mykyta.pasternatskyi\development\game_omniroid\x64\debug\imgui_impl_glfw.obj
d:\mystuff\university\1st semester\t1\assignments\final-project-mykyta.pasternatskyi\development\game_omniroid\x64\debug\imgui_draw.obj
d:\mystuff\university\1st semester\t1\assignments\final-project-mykyta.pasternatskyi\development\game_omniroid\x64\debug\imgui_demo.obj
d:\mystuff\university\1st semester\t1\assignments\final-project-mykyta.pasternatskyi\development\game_omniroid\x64\debug\imgui.obj
d:\mystuff\university\1st semester\t1\assignments\final-project-mykyta.pasternatskyi\development\game_omniroid\x64\debug\time.obj
d:\mystuff\university\1st semester\t1\assignments\final-project-mykyta.pasternatskyi\development\game_omniroid\x64\debug\vertexbuffer.obj
d:\mystuff\university\1st semester\t1\assignments\final-project-mykyta.pasternatskyi\development\game_omniroid\x64\debug\vertexarray.obj
d:\mystuff\university\1st semester\t1\assignments\final-project-mykyta.pasternatskyi\development\game_omniroid\x64\debug\texture.obj
d:\mystuff\university\1st semester\t1\assignments\final-project-mykyta.pasternatskyi\development\game_omniroid\x64\debug\spriterenderer.obj
d:\mystuff\university\1st semester\t1\assignments\final-project-mykyta.pasternatskyi\development\game_omniroid\x64\debug\spritebatchmanager.obj
d:\mystuff\university\1st semester\t1\assignments\final-project-mykyta.pasternatskyi\development\game_omniroid\x64\debug\screenquad.obj
d:\mystuff\university\1st semester\t1\assignments\final-project-mykyta.pasternatskyi\development\game_omniroid\x64\debug\glad.obj
d:\mystuff\university\1st semester\t1\assignments\final-project-mykyta.pasternatskyi\development\game_omniroid\x64\debug\game_omniroid.ilk
d:\mystuff\university\1st semester\t1\assignments\final-project-mykyta.pasternatskyi\development\game_omniroid\x64\debug\game_omniroid.exe
d:\mystuff\university\1st semester\t1\assignments\final-project-mykyta.pasternatskyi\development\game_omniroid\x64\debug\game_omniroid.pdb
d:\mystuff\university\1st semester\t1\assignments\final-project-mykyta.pasternatskyi\development\game_omniroid\x64\debug\glad.nativecodeanalysis.xml
d:\mystuff\university\1st semester\t1\assignments\final-project-mykyta.pasternatskyi\development\game_omniroid\x64\debug\vc.nativecodeanalysis.all.xml
d:\mystuff\university\1st semester\t1\assignments\final-project-mykyta.pasternatskyi\development\game_omniroid\x64\debug\game_omniroid.tlog\cl.command.1.tlog
d:\mystuff\university\1st semester\t1\assignments\final-project-mykyta.pasternatskyi\development\game_omniroid\x64\debug\game_omniroid.tlog\cl.items.tlog
d:\mystuff\university\1st semester\t1\assignments\final-project-mykyta.pasternatskyi\development\game_omniroid\x64\debug\game_omniroid.tlog\cl.read.1.tlog
d:\mystuff\university\1st semester\t1\assignments\final-project-mykyta.pasternatskyi\development\game_omniroid\x64\debug\game_omniroid.tlog\cl.write.1.tlog
d:\mystuff\university\1st semester\t1\assignments\final-project-mykyta.pasternatskyi\development\game_omniroid\x64\debug\game_omniroid.tlog\link.34664-cvtres.read.1.tlog
d:\mystuff\university\1st semester\t1\assignments\final-project-mykyta.pasternatskyi\development\game_omniroid\x64\debug\game_omniroid.tlog\link.34664-cvtres.write.1.tlog
d:\mystuff\university\1st semester\t1\assignments\final-project-mykyta.pasternatskyi\development\game_omniroid\x64\debug\game_omniroid.tlog\link.34664-rc.read.1.tlog
d:\mystuff\university\1st semester\t1\assignments\final-project-mykyta.pasternatskyi\development\game_omniroid\x64\debug\game_omniroid.tlog\link.34664-rc.write.1.tlog
d:\mystuff\university\1st semester\t1\assignments\final-project-mykyta.pasternatskyi\development\game_omniroid\x64\debug\game_omniroid.tlog\link.34664.read.1.tlog
d:\mystuff\university\1st semester\t1\assignments\final-project-mykyta.pasternatskyi\development\game_omniroid\x64\debug\game_omniroid.tlog\link.34664.read.2.tlog
d:\mystuff\university\1st semester\t1\assignments\final-project-mykyta.pasternatskyi\development\game_omniroid\x64\debug\game_omniroid.tlog\link.34664.write.1.tlog
d:\mystuff\university\1st semester\t1\assignments\final-project-mykyta.pasternatskyi\development\game_omniroid\x64\debug\game_omniroid.tlog\link.command.1.tlog
d:\mystuff\university\1st semester\t1\assignments\final-project-mykyta.pasternatskyi\development\game_omniroid\x64\debug\game_omniroid.tlog\link.read.1.tlog
d:\mystuff\university\1st semester\t1\assignments\final-project-mykyta.pasternatskyi\development\game_omniroid\x64\debug\game_omniroid.tlog\link.write.1.tlog
